


ARM Macro Assembler    Page 1 


    1 00000000         ;Chris Brodski
    2 00000000         ;Comp Security 
    3 00000000         
    4 00000000         ;After the program finishes r7 will have LZero!
    5 00000000         ;After the program finishes r8 will have RZero!
    6 00000000         
    7 00000000         ;You could also find r7 and r8 in memory at 0x1F4 and 0x
                       1F8
    8 00000000         
    9 00000000                 AREA             Decryption, CODE, READWRITE
   10 00000000                 ENTRY
   11 00000000         
   12 00000000         
   13 00000000         ;r0 = TemporaryVar
   14 00000000 E59F1024        LDR              r1, Delta1  ;r1 = constant
   15 00000004 E59F2024        LDR              r2, Delta2  ;r2 = constant2
   16 00000008 E59F3024        LDR              r3, KZero   ;r3 = key0
   17 0000000C E59F4024        LDR              r4, KOne    ;r4 = key1
   18 00000010 E59F5024        LDR              r5, KTwo    ;r5 = key2
   19 00000014 E59F6024        LDR              r6, KThree  ;r6 = key3
   20 00000018         ;r7 = LZero 
   21 00000018         ;r8 = RZero 
   22 00000018 E59F902C        LDR              r9,  LTwo   ;r9 =  LTwo 
   23 0000001C E59FA02C        LDR              r10, RTwo   ;r10 = RTwo 
   24 00000020         ;r11 = TemporaryVar2
   25 00000020         ;r12 = TemporaryVar3
   26 00000020         
   27 00000020 EB00000B        BL               Decrypt_Right
   28 00000024 EB000018        BL               Decrypt_Left
   29 00000028 EA000025        B                EndIt
   30 0000002C         
   31 0000002C         
   32 0000002C 11111111 
                       Delta1  DCD              0x11111111
   33 00000030 22222222 
                       Delta2  DCD              0x22222222
   34 00000034 FF000000 
                       KZero   DCD              0xFF000000
   35 00000038 00FF0000 
                       KOne    DCD              0x00FF0000
   36 0000003C 0000FF00 
                       KTwo    DCD              0x0000FF00
   37 00000040 000000FF 
                       KThree  DCD              0x000000FF
   38 00000044 00000000 
                       LZero   DCD              0x00000000
   39 00000048 00000000 
                       RZero   DCD              0x00000000
   40 0000004C ACFB41EA 
                       LTwo    DCD              0xACFB41EA
   41 00000050 B19A5F4D 
                       RTwo    DCD              0xB19A5F4D
   42 00000054         
   43 00000054                 ALIGN
   44 00000054         
   45 00000054         Decrypt_Right
   46 00000054 E1A07009        MOV              r7, r9      ; Temp1 = LTwo 
   47 00000058 E1A08009        MOV              r8, r9      ; Temp2 = LTwo 
   48 0000005C E1A0B009        MOV              r11, r9     ; Temp3 = LTwo



ARM Macro Assembler    Page 2 


   49 00000060         
   50 00000060 E1A0B20B        LSL              r11, #4
   51 00000064 E08BB005        ADD              r11, r11, r5 
                                                            ; Temp3 = LTwo + K2
                                                            
   52 00000068         
   53 00000068 E0877002        ADD              r7, r7, r2  ; Temp1 = Temp1 + d
                                                            elta2
   54 0000006C         
   55 0000006C E1A082A8        LSR              r8, #5
   56 00000070 E0888006        ADD              r8, r8, r6  ; Temp2 = Temp2 + K
                                                            3
   57 00000074         
   58 00000074 E02BB007        EOR              r11, r11, r7
   59 00000078 E02BB008        EOR              r11, r11, r8 ; RTwo EOR Temp1 E
                                                            OR Temp2
   60 0000007C E04A800B        SUB              r8, r10, r11 ; RZero = RTwo - F
                                                            (R,K,K,d)
   61 00000080         
   62 00000080 E3A00F7D        MOV              r0, #500
   63 00000084 E5808000        STR              r8, [r0]
   64 00000088 E12FFF1E        BX               LR
   65 0000008C         
   66 0000008C         
   67 0000008C         Decrypt_Left
   68 0000008C E1A0C008        MOV              r12, r8     ; Temp1 = RZero 
   69 00000090 E1A07008        MOV              r7, r8      ; Temp2 = RZero
   70 00000094 E1A0B008        MOV              r11, r8     ; Temp3 = RZero
   71 00000098         
   72 00000098 E1A0B20B        LSL              r11, #4
   73 0000009C E08BB003        ADD              r11, r11, r3 
                                                            ; Temp3 = LTwo + K0
                                                            
   74 000000A0         
   75 000000A0 E08CC001        ADD              r12, r12, r1 ; Temp1 = Temp1 + 
                                                            delta1
   76 000000A4         
   77 000000A4 E1A072A7        LSR              r7, #5
   78 000000A8 E0877004        ADD              r7, r7, r4  ; Temp2 = Temp2 + K
                                                            1
   79 000000AC         
   80 000000AC E02BB007        EOR              r11, r11, r7
   81 000000B0 E02BB00C        EOR              r11, r11, r12 ; Temp3 EOR Temp1
                                                             EOR Temp2  
   82 000000B4 E049700B        SUB              r7, r9, r11 ; LZero = RTwo - F(
                                                            R,K,K,d)
   83 000000B8         
   84 000000B8 E3A00F7E        MOV              r0, #504
   85 000000BC E5807000        STR              r7, [r0]
   86 000000C0 E12FFF1E        BX               LR
   87 000000C4         
   88 000000C4         EndIt
   89 000000C4                 END
Command Line: --debug --xref --diag_suppress=9931 --bi --apcs=interwork --depen
d=.\objects\tea_decryption_uv_.d -o.\objects\tea_decryption_uv_.o -IB:\Keil_v5\
ARM\RV31\INC -IB:\Keil_v5\ARM\CMSIS\Include --predefine="__EVAL SETA 1" --prede
fine="__UVISION_VERSION SETA 521" --list=.\listings\tea_decryption_uv_.lst TEA_
Decryption_uV_.s



ARM Macro Assembler    Page 1 Alphabetic symbol ordering
Relocatable symbols

Decrypt_Left 0000008C

Symbol: Decrypt_Left
   Definitions
      At line 67 in file TEA_Decryption_uV_.s
   Uses
      At line 28 in file TEA_Decryption_uV_.s
Comment: Decrypt_Left used once
Decrypt_Right 00000054

Symbol: Decrypt_Right
   Definitions
      At line 45 in file TEA_Decryption_uV_.s
   Uses
      At line 27 in file TEA_Decryption_uV_.s
Comment: Decrypt_Right used once
Decryption 00000000

Symbol: Decryption
   Definitions
      At line 9 in file TEA_Decryption_uV_.s
   Uses
      None
Comment: Decryption unused
Delta1 0000002C

Symbol: Delta1
   Definitions
      At line 32 in file TEA_Decryption_uV_.s
   Uses
      At line 14 in file TEA_Decryption_uV_.s
Comment: Delta1 used once
Delta2 00000030

Symbol: Delta2
   Definitions
      At line 33 in file TEA_Decryption_uV_.s
   Uses
      At line 15 in file TEA_Decryption_uV_.s
Comment: Delta2 used once
EndIt 000000C4

Symbol: EndIt
   Definitions
      At line 88 in file TEA_Decryption_uV_.s
   Uses
      At line 29 in file TEA_Decryption_uV_.s
Comment: EndIt used once
KOne 00000038

Symbol: KOne
   Definitions
      At line 35 in file TEA_Decryption_uV_.s
   Uses
      At line 17 in file TEA_Decryption_uV_.s
Comment: KOne used once
KThree 00000040

Symbol: KThree



ARM Macro Assembler    Page 2 Alphabetic symbol ordering
Relocatable symbols

   Definitions
      At line 37 in file TEA_Decryption_uV_.s
   Uses
      At line 19 in file TEA_Decryption_uV_.s
Comment: KThree used once
KTwo 0000003C

Symbol: KTwo
   Definitions
      At line 36 in file TEA_Decryption_uV_.s
   Uses
      At line 18 in file TEA_Decryption_uV_.s
Comment: KTwo used once
KZero 00000034

Symbol: KZero
   Definitions
      At line 34 in file TEA_Decryption_uV_.s
   Uses
      At line 16 in file TEA_Decryption_uV_.s
Comment: KZero used once
LTwo 0000004C

Symbol: LTwo
   Definitions
      At line 40 in file TEA_Decryption_uV_.s
   Uses
      At line 22 in file TEA_Decryption_uV_.s
Comment: LTwo used once
LZero 00000044

Symbol: LZero
   Definitions
      At line 38 in file TEA_Decryption_uV_.s
   Uses
      None
Comment: LZero unused
RTwo 00000050

Symbol: RTwo
   Definitions
      At line 41 in file TEA_Decryption_uV_.s
   Uses
      At line 23 in file TEA_Decryption_uV_.s
Comment: RTwo used once
RZero 00000048

Symbol: RZero
   Definitions
      At line 39 in file TEA_Decryption_uV_.s
   Uses
      None
Comment: RZero unused
14 symbols
346 symbols in table
