


ARM Macro Assembler    Page 1 


    1 00000000         ;Chris Brodski
    2 00000000         ;Comp Security 
    3 00000000         
    4 00000000         ;After the program finishes, r9 will have LTwo's encrypt
                       ed text!
    5 00000000         ;After the program finishes, r10 will have RTwo's encryp
                       ted text!
    6 00000000         
    7 00000000         ;You could also find r9 and r10 in memory at 0x1F4 and 0
                       x1F8
    8 00000000         
    9 00000000                 AREA             Encryption, CODE, READWRITE
   10 00000000                 ENTRY
   11 00000000         ;r0 = TemporaryVar  LDR  r1, Delta1  ;r1 = constant
   12 00000000 E59F201C        LDR              r2, Delta2  ;r2 = constant2
   13 00000004 E59F301C        LDR              r3, KZero   ;r3 = key0
   14 00000008 E59F401C        LDR              r4, KOne    ;r4 = key1
   15 0000000C E59F501C        LDR              r5, KTwo    ;r5 = key2
   16 00000010 E59F601C        LDR              r6, KThree  ;r6 = key3
   17 00000014 E59F701C        LDR              r7, LZero   ;r7 = LZero
   18 00000018 E59F801C        LDR              r8, RZero   ;r8 = RZero
   19 0000001C         ;r9 =  LTwo 
   20 0000001C         ;r10 = RTwo 
   21 0000001C         ;r11 = TemporaryVar2
   22 0000001C         ;r12 = TemporaryVar3
   23 0000001C EA000009        B                Encrypt
   24 00000020         
   25 00000020         
   26 00000020 11111111 
                       Delta1  DCD              0x11111111
   27 00000024 22222222 
                       Delta2  DCD              0x22222222
   28 00000028 FF000000 
                       KZero   DCD              0xFF000000
   29 0000002C 00FF0000 
                       KOne    DCD              0x00FF0000
   30 00000030 0000FF00 
                       KTwo    DCD              0x0000FF00
   31 00000034 000000FF 
                       KThree  DCD              0x000000FF
   32 00000038 ABCDEF01 
                       LZero   DCD              0xABCDEF01
   33 0000003C ABCABCAB 
                       RZero   DCD              0xABCABCAB
   34 00000040 00000000 
                       LTwo    DCD              0x00000000
   35 00000044 00000000 
                       RTwo    DCD              0x00000000
   36 00000048                 ALIGN
   37 00000048         
   38 00000048         Encrypt
   39 00000048         
   40 00000048 E51F1030        LDR              r1, Delta1
   41 0000004C E51FB018        LDR              r11, RZero  ; Temp1 = RZero 
   42 00000050 E51FC01C        LDR              r12, RZero  ; Temp1 = RZero 
   43 00000054 E51F0020        LDR              r0,  RZero  ; Temp1 = RZero 
   44 00000058 E51F3038        LDR              r3, KZero   ; r3 = key0
   45 0000005C E51F4038        LDR              r4, KOne    ; r4 = Key1
   46 00000060 EB00000D        BL               Encrypt_Right



ARM Macro Assembler    Page 2 


   47 00000064 E0809007        ADD              r9, r0, r7  ; LTwo = temp + Lze
                                                            ro
   48 00000068 E3A00F7D        MOV              r0, #500
   49 0000006C E5809000        STR              r9, [r0]
   50 00000070         
   51 00000070 E51F1054        LDR              r1, Delta2
   52 00000074 E1A0B009        MOV              r11, r9     ; Temp1 = LTwo 
   53 00000078 E1A0C009        MOV              r12, r9     ; Temp2 = LTwo 
   54 0000007C E1A00009        MOV              r0,  r9     ; Temp3 = LTwo
   55 00000080 E51F3058        LDR              r3, KTwo    ; r3 = key2
   56 00000084 E51F4058        LDR              r4, KThree  ; r4 = key3
   57 00000088 EB000003        BL               Encrypt_Right
   58 0000008C E080A008        ADD              r10, r0, r8 ; RTwo = temp + rze
                                                            ro
   59 00000090 E3A00F7E        MOV              r0, #504
   60 00000094 E580A000        STR              r10, [r0]
   61 00000098         
   62 00000098 EA000007        B                EndIt
   63 0000009C         
   64 0000009C         
   65 0000009C         Encrypt_Right
   66 0000009C E1A00200        LSL              r0, #4
   67 000000A0 E0800003        ADD              r0, r0, r3  ; RZero = RZero + K
                                                            0
   68 000000A4         
   69 000000A4 E1A0B2AB        LSR              r11, #5
   70 000000A8 E08BB004        ADD              r11, r11, r4 ; Temp1 = Temp1 + 
                                                            K1
   71 000000AC         
   72 000000AC E08CC001        ADD              r12, r12, r1 ; Temp2 = Temp2 + 
                                                            Delta 1
   73 000000B0         
   74 000000B0 E020000B        EOR              r0, r0, r11
   75 000000B4 E020000C        EOR              r0, r0, r12
   76 000000B8 E12FFF1E        BX               LR
   77 000000BC         
   78 000000BC         EndIt
   79 000000BC                 END
Command Line: --debug --xref --diag_suppress=9931 --bi --apcs=interwork --depen
d=.\objects\tea_encryption_uv_.d -o.\objects\tea_encryption_uv_.o -IB:\Keil_v5\
ARM\RV31\INC -IB:\Keil_v5\ARM\CMSIS\Include --predefine="__EVAL SETA 1" --prede
fine="__UVISION_VERSION SETA 521" --list=.\listings\tea_encryption_uv_.lst TEA_
Encryption_uV_.s



ARM Macro Assembler    Page 1 Alphabetic symbol ordering
Relocatable symbols

Delta1 00000020

Symbol: Delta1
   Definitions
      At line 26 in file TEA_Encryption_uV_.s
   Uses
      At line 40 in file TEA_Encryption_uV_.s
Comment: Delta1 used once
Delta2 00000024

Symbol: Delta2
   Definitions
      At line 27 in file TEA_Encryption_uV_.s
   Uses
      At line 12 in file TEA_Encryption_uV_.s
      At line 51 in file TEA_Encryption_uV_.s

Encrypt 00000048

Symbol: Encrypt
   Definitions
      At line 38 in file TEA_Encryption_uV_.s
   Uses
      At line 23 in file TEA_Encryption_uV_.s
Comment: Encrypt used once
Encrypt_Right 0000009C

Symbol: Encrypt_Right
   Definitions
      At line 65 in file TEA_Encryption_uV_.s
   Uses
      At line 46 in file TEA_Encryption_uV_.s
      At line 57 in file TEA_Encryption_uV_.s

Encryption 00000000

Symbol: Encryption
   Definitions
      At line 9 in file TEA_Encryption_uV_.s
   Uses
      None
Comment: Encryption unused
EndIt 000000BC

Symbol: EndIt
   Definitions
      At line 78 in file TEA_Encryption_uV_.s
   Uses
      At line 62 in file TEA_Encryption_uV_.s
Comment: EndIt used once
KOne 0000002C

Symbol: KOne
   Definitions
      At line 29 in file TEA_Encryption_uV_.s
   Uses
      At line 14 in file TEA_Encryption_uV_.s
      At line 45 in file TEA_Encryption_uV_.s




ARM Macro Assembler    Page 2 Alphabetic symbol ordering
Relocatable symbols

KThree 00000034

Symbol: KThree
   Definitions
      At line 31 in file TEA_Encryption_uV_.s
   Uses
      At line 16 in file TEA_Encryption_uV_.s
      At line 56 in file TEA_Encryption_uV_.s

KTwo 00000030

Symbol: KTwo
   Definitions
      At line 30 in file TEA_Encryption_uV_.s
   Uses
      At line 15 in file TEA_Encryption_uV_.s
      At line 55 in file TEA_Encryption_uV_.s

KZero 00000028

Symbol: KZero
   Definitions
      At line 28 in file TEA_Encryption_uV_.s
   Uses
      At line 13 in file TEA_Encryption_uV_.s
      At line 44 in file TEA_Encryption_uV_.s

LTwo 00000040

Symbol: LTwo
   Definitions
      At line 34 in file TEA_Encryption_uV_.s
   Uses
      None
Comment: LTwo unused
LZero 00000038

Symbol: LZero
   Definitions
      At line 32 in file TEA_Encryption_uV_.s
   Uses
      At line 17 in file TEA_Encryption_uV_.s
Comment: LZero used once
RTwo 00000044

Symbol: RTwo
   Definitions
      At line 35 in file TEA_Encryption_uV_.s
   Uses
      None
Comment: RTwo unused
RZero 0000003C

Symbol: RZero
   Definitions
      At line 33 in file TEA_Encryption_uV_.s
   Uses
      At line 18 in file TEA_Encryption_uV_.s
      At line 41 in file TEA_Encryption_uV_.s



ARM Macro Assembler    Page 3 Alphabetic symbol ordering
Relocatable symbols

      At line 42 in file TEA_Encryption_uV_.s
      At line 43 in file TEA_Encryption_uV_.s

14 symbols
346 symbols in table
